build/app/intermediates/manifest_merge_blame_file/debug/manifest-merger-blame-debug-report.txt
1<?xml version="1.0" encoding="utf-8"?>
2<manifest xmlns:android="http://schemas.android.com/apk/res/android"
3    package="com.creativeitem.academy_app"
4    android:versionCode="1"
5    android:versionName="1.0.0" >
6
7    <uses-sdk
8        android:minSdkVersion="17"
9        android:targetSdkVersion="28" />
10    <!--
11         Flutter needs it to communicate with the running application
12         to allow setting breakpoints, to provide hot reload, etc.
13    -->
14    <uses-permission android:name="android.permission.INTERNET" />
14-->src/main/AndroidManifest.xml:8:10-71
14-->src/main/AndroidManifest.xml:8:27-69
15    <uses-permission android:name="android.permission.READ_EXTERNAL_STORAGE" />
15-->[:image_picker] AndroidManifest.xml:7:5-80
15-->[:image_picker] AndroidManifest.xml:7:22-77
16    <uses-permission android:name="android.permission.WRITE_EXTERNAL_STORAGE" />
16-->[:image_picker] AndroidManifest.xml:8:5-81
16-->[:image_picker] AndroidManifest.xml:8:22-78
17    <uses-permission android:name="android.permission.ACCESS_NETWORK_STATE" />
17-->[com.google.android.exoplayer:exoplayer-core:2.9.6] AndroidManifest.xml:24:5-79
17-->[com.google.android.exoplayer:exoplayer-core:2.9.6] AndroidManifest.xml:24:22-76
18
19    <application
19-->src/main/AndroidManifest.xml:9:5-49:19
20        android:name="io.flutter.app.FlutterApplication"
20-->src/main/AndroidManifest.xml:10:9-57
21        android:appComponentFactory="androidx.core.app.CoreComponentFactory"
21-->[androidx.core:core:1.1.0] AndroidManifest.xml:24:18-86
22        android:debuggable="true"
23        android:icon="@mipmap/launcher_icon"
23-->src/main/AndroidManifest.xml:12:9-45
24        android:label="Academy LMS"
24-->src/main/AndroidManifest.xml:11:9-36
25        android:usesCleartextTraffic="true" >
25-->src/main/AndroidManifest.xml:13:9-44
26        <activity
26-->src/main/AndroidManifest.xml:14:9-43:20
27            android:name="com.creativeitem.academy_app.MainActivity"
27-->src/main/AndroidManifest.xml:15:13-41
28            android:configChanges="orientation|keyboardHidden|keyboard|screenSize|smallestScreenSize|locale|layoutDirection|fontScale|screenLayout|density|uiMode"
28-->src/main/AndroidManifest.xml:19:13-163
29            android:hardwareAccelerated="true"
29-->src/main/AndroidManifest.xml:20:13-47
30            android:launchMode="singleTop"
30-->src/main/AndroidManifest.xml:16:13-43
31            android:screenOrientation="portrait"
31-->src/main/AndroidManifest.xml:18:13-49
32            android:theme="@style/LaunchTheme"
32-->src/main/AndroidManifest.xml:17:13-47
33            android:windowSoftInputMode="adjustResize" >
33-->src/main/AndroidManifest.xml:21:13-55
34
35            <!--
36                 Specifies an Android theme to apply to this Activity as soon as
37                 the Android process has started. This theme is visible to the user
38                 while the Flutter UI initializes. After that, this theme continues
39                 to determine the Window background behind the Flutter UI.
40            -->
41            <meta-data
41-->src/main/AndroidManifest.xml:26:13-29:17
42                android:name="io.flutter.embedding.android.NormalTheme"
42-->src/main/AndroidManifest.xml:27:15-70
43                android:resource="@style/NormalTheme" />
43-->src/main/AndroidManifest.xml:28:15-52
44            <!--
45                 Displays an Android View that continues showing the launch screen
46                 Drawable until Flutter paints its first frame, then this splash
47                 screen fades out. A splash screen is useful to avoid any visual
48                 gap between the end of Android's launch screen and the painting of
49                 Flutter's first frame.
50            -->
51            <meta-data
51-->src/main/AndroidManifest.xml:35:13-38:17
52                android:name="io.flutter.embedding.android.SplashScreenDrawable"
52-->src/main/AndroidManifest.xml:36:15-79
53                android:resource="@drawable/launch_background" />
53-->src/main/AndroidManifest.xml:37:15-61
54
55            <intent-filter>
55-->src/main/AndroidManifest.xml:39:13-42:29
56                <action android:name="android.intent.action.MAIN" />
56-->src/main/AndroidManifest.xml:40:17-68
56-->src/main/AndroidManifest.xml:40:25-66
57
58                <category android:name="android.intent.category.LAUNCHER" />
58-->src/main/AndroidManifest.xml:41:17-76
58-->src/main/AndroidManifest.xml:41:27-74
59            </intent-filter>
60        </activity>
61        <!--
62             Don't delete the meta-data below.
63             This is used by the Flutter tool to generate GeneratedPluginRegistrant.java
64        -->
65        <meta-data
65-->src/main/AndroidManifest.xml:46:9-48:33
66            android:name="flutterEmbedding"
66-->src/main/AndroidManifest.xml:47:13-44
67            android:value="2" />
67-->src/main/AndroidManifest.xml:48:13-30
68
69        <provider
69-->[:image_picker] AndroidManifest.xml:11:9-19:20
70            android:name="io.flutter.plugins.imagepicker.ImagePickerFileProvider"
70-->[:image_picker] AndroidManifest.xml:12:13-82
71            android:authorities="com.creativeitem.academy_app.flutter.image_provider"
71-->[:image_picker] AndroidManifest.xml:13:13-74
72            android:exported="false"
72-->[:image_picker] AndroidManifest.xml:14:13-37
73            android:grantUriPermissions="true" >
73-->[:image_picker] AndroidManifest.xml:15:13-47
74            <meta-data
74-->[:image_picker] AndroidManifest.xml:16:13-18:75
75                android:name="android.support.FILE_PROVIDER_PATHS"
75-->[:image_picker] AndroidManifest.xml:17:17-67
76                android:resource="@xml/flutter_image_picker_file_paths" />
76-->[:image_picker] AndroidManifest.xml:18:17-72
77        </provider>
78
79        <activity
79-->[:flutter_inappwebview] AndroidManifest.xml:8:9-11:47
80            android:name="com.pichillilorenzo.flutter_inappwebview.InAppBrowser.InAppBrowserActivity"
80-->[:flutter_inappwebview] AndroidManifest.xml:9:13-102
81            android:configChanges="orientation|screenSize"
81-->[:flutter_inappwebview] AndroidManifest.xml:10:13-59
82            android:theme="@style/AppTheme" />
82-->[:flutter_inappwebview] AndroidManifest.xml:11:13-44
83        <activity
83-->[:flutter_inappwebview] AndroidManifest.xml:12:9-15:55
84            android:name="com.pichillilorenzo.flutter_inappwebview.ChromeCustomTabs.ChromeCustomTabsActivity"
84-->[:flutter_inappwebview] AndroidManifest.xml:13:13-110
85            android:configChanges="orientation|screenSize"
85-->[:flutter_inappwebview] AndroidManifest.xml:14:13-59
86            android:theme="@style/ThemeTransparent" />
86-->[:flutter_inappwebview] AndroidManifest.xml:15:13-52
87
88        <receiver android:name="com.pichillilorenzo.flutter_inappwebview.ChromeCustomTabs.ActionBroadcastReceiver" />
88-->[:flutter_inappwebview] AndroidManifest.xml:17:9-118
88-->[:flutter_inappwebview] AndroidManifest.xml:17:19-115
89    </application>
90
91</manifest>